<?xml version="1.0" encoding="UTF-8"?>
<testsuite xmlns:xsi="http://www.w3.org/2001/XMLSchema-instance" xsi:noNamespaceSchemaLocation="https://maven.apache.org/surefire/maven-surefire-plugin/xsd/surefire-test-report-3.0.xsd" version="3.0" name="steps.TestRunner" time="0.686" tests="2" errors="2" skipped="0" failures="0">
  <properties>
[...]
</properties>
  <testcase name="Vérifier l&apos;affichage du tableau des résultats" classname="Test de la fonctionnalité de connexion" time="0.105">
    <error message="The step &apos;l&apos;étudiant est connecté et dispose de résultats enregistrés&apos; and 2 other step(s) are undefined.&#10;You can implement these steps using the snippet(s) below:&#10;&#10;@Given(&quot;l&apos;étudiant est connecté et dispose de résultats enregistrés&quot;)&#10;public void l_étudiant_est_connecté_et_dispose_de_résultats_enregistrés() {&#10;    // Write code here that turns the phrase above into concrete actions&#10;    throw new io.cucumber.java.PendingException();&#10;}&#10;@When(&quot;il navigue vers la page des résultats&quot;)&#10;public void il_navigue_vers_la_page_des_résultats() {&#10;    // Write code here that turns the phrase above into concrete actions&#10;    throw new io.cucumber.java.PendingException();&#10;}&#10;@Then(&quot;un tableau affichant les résultats est visible&quot;)&#10;public void un_tableau_affichant_les_résultats_est_visible() {&#10;    // Write code here that turns the phrase above into concrete actions&#10;    throw new io.cucumber.java.PendingException();&#10;}&#10;" type="io.cucumber.junit.UndefinedStepException"><![CDATA[io.cucumber.junit.UndefinedStepException: 
The step 'l'étudiant est connecté et dispose de résultats enregistrés' and 2 other step(s) are undefined.
You can implement these steps using the snippet(s) below:

@Given("l'étudiant est connecté et dispose de résultats enregistrés")
public void l_étudiant_est_connecté_et_dispose_de_résultats_enregistrés() {
    // Write code here that turns the phrase above into concrete actions
    throw new io.cucumber.java.PendingException();
}
@When("il navigue vers la page des résultats")
public void il_navigue_vers_la_page_des_résultats() {
    // Write code here that turns the phrase above into concrete actions
    throw new io.cucumber.java.PendingException();
}
@Then("un tableau affichant les résultats est visible")
public void un_tableau_affichant_les_résultats_est_visible() {
    // Write code here that turns the phrase above into concrete actions
    throw new io.cucumber.java.PendingException();
}

]]></error>
    <system-out><![CDATA[
@loginFeature @validCredentials
Scenario: VÃ©rifier l'affichage du tableau des rÃ©sultats             &amp#27;[90m# src/test/resources/Features/login.feature:4&amp#27;[0m
  &amp#27;[33mGiven &amp#27;[0m&amp#27;[33ml'Ã©tudiant est connectÃ© et dispose de rÃ©sultats enregistrÃ©s&amp#27;[0m
  &amp#27;[36mWhen &amp#27;[0m&amp#27;[36mil navigue vers la page des rÃ©sultats&amp#27;[0m
  &amp#27;[36mThen &amp#27;[0m&amp#27;[36mun tableau affichant les rÃ©sultats est visible&amp#27;[0m
]]></system-out>
  </testcase>
  <testcase name="Vérifier l&apos;affichage du message d&apos;absence de résultats" classname="Test de la fonctionnalité de connexion" time="0.01">
    <error message="The step &apos;l&apos;étudiant est connecté mais ne dispose pas de résultats enregistrés&apos; and 2 other step(s) are undefined.&#10;You can implement these steps using the snippet(s) below:&#10;&#10;@Given(&quot;l&apos;étudiant est connecté mais ne dispose pas de résultats enregistrés&quot;)&#10;public void l_étudiant_est_connecté_mais_ne_dispose_pas_de_résultats_enregistrés() {&#10;    // Write code here that turns the phrase above into concrete actions&#10;    throw new io.cucumber.java.PendingException();&#10;}&#10;@When(&quot;il navigue vers la page des résultats&quot;)&#10;public void il_navigue_vers_la_page_des_résultats() {&#10;    // Write code here that turns the phrase above into concrete actions&#10;    throw new io.cucumber.java.PendingException();&#10;}&#10;@Then(&quot;un message indiquant {string} est affiché&quot;)&#10;public void un_message_indiquant_est_affiché(String string) {&#10;    // Write code here that turns the phrase above into concrete actions&#10;    throw new io.cucumber.java.PendingException();&#10;}&#10;" type="io.cucumber.junit.UndefinedStepException"><![CDATA[io.cucumber.junit.UndefinedStepException: 
The step 'l'étudiant est connecté mais ne dispose pas de résultats enregistrés' and 2 other step(s) are undefined.
You can implement these steps using the snippet(s) below:

@Given("l'étudiant est connecté mais ne dispose pas de résultats enregistrés")
public void l_étudiant_est_connecté_mais_ne_dispose_pas_de_résultats_enregistrés() {
    // Write code here that turns the phrase above into concrete actions
    throw new io.cucumber.java.PendingException();
}
@When("il navigue vers la page des résultats")
public void il_navigue_vers_la_page_des_résultats() {
    // Write code here that turns the phrase above into concrete actions
    throw new io.cucumber.java.PendingException();
}
@Then("un message indiquant {string} est affiché")
public void un_message_indiquant_est_affiché(String string) {
    // Write code here that turns the phrase above into concrete actions
    throw new io.cucumber.java.PendingException();
}

]]></error>
    <system-out><![CDATA[
@loginFeature @invalidCredentials
Scenario: VÃ©rifier l'affichage du message d'absence de rÃ©sultats             &amp#27;[90m# src/test/resources/Features/login.feature:9&amp#27;[0m
  &amp#27;[33mGiven &amp#27;[0m&amp#27;[33ml'Ã©tudiant est connectÃ© mais ne dispose pas de rÃ©sultats enregistrÃ©s&amp#27;[0m
  &amp#27;[36mWhen &amp#27;[0m&amp#27;[36mil navigue vers la page des rÃ©sultats&amp#27;[0m
  &amp#27;[36mThen &amp#27;[0m&amp#27;[36mun message indiquant "Aucun rÃ©sultat disponible" est affichÃ©&amp#27;[0m
]]></system-out>
  </testcase>
</testsuite>