<?xml version="1.0" encoding="UTF-8"?>
<testsuite xmlns:xsi="http://www.w3.org/2001/XMLSchema-instance" xsi:noNamespaceSchemaLocation="https://maven.apache.org/surefire/maven-surefire-plugin/xsd/surefire-test-report-3.0.xsd" version="3.0" name="steps.TDDTest" time="0.047" tests="2" errors="0" skipped="0" failures="0">
  <properties>
[...]
</properties>
  <testcase name="letudiant_est_connecte_sans_resultats" classname="steps.TDDTest" time="0.002"/>
  <testcase name="letudiant_est_connecte_et_dispose_de_resultats_enregistres" classname="steps.TDDTest" time="0"/>
</testsuite>